<?xml version="1.0" encoding="UTF-8"?>
<!-- Generated by org.testng.reporters.JUnitXMLReporter -->
<testsuite ignored="0" hostname="LAPTOP-780R4IRU" failures="5" tests="11" name="Test4" time="43.033" errors="0" timestamp="2021-07-20T13:04:29 IST">
  <testcase classname="com.Hackathon.test" name="searchCourse" time="3.174">
    <failure type="java.lang.IllegalArgumentException" message="Cannot find elements when the class name expression is null.">
      <![CDATA[java.lang.IllegalArgumentException: Cannot find elements when the class name expression is null.
at org.openqa.selenium.By$ByClassName.<init>(By.java:370)
at org.openqa.selenium.By.className(By.java:104)
at com.Hackathon.test.searchCourse(test.java:79)
at java.base/java.util.ArrayList.forEach(ArrayList.java:1511)
... Removed 27 stack frames]]>
    </failure>
  </testcase> <!-- searchCourse -->
  <testcase classname="com.Hackathon.test" name="selectLanguage" time="0.012">
    <failure type="java.lang.RuntimeException" message="java.lang.InstantiationException: com.appmodule.Pom">
      <![CDATA[java.lang.RuntimeException: java.lang.InstantiationException: com.appmodule.Pom
at org.openqa.selenium.support.PageFactory.instantiatePage(PageFactory.java:134)
at org.openqa.selenium.support.PageFactory.initElements(PageFactory.java:64)
at com.Hackathon.test.selectLanguage(test.java:92)
at java.base/java.util.ArrayList.forEach(ArrayList.java:1511)
Caused by: java.lang.InstantiationException: com.appmodule.Pom
at java.base/java.lang.Class.newInstance(Class.java:639)
at org.openqa.selenium.support.PageFactory.instantiatePage(PageFactory.java:131)
... 30 more
Caused by: java.lang.NoSuchMethodException: com.appmodule.Pom.<init>()
at java.base/java.lang.Class.getConstructor0(Class.java:3508)
at java.base/java.lang.Class.newInstance(Class.java:626)
... 31 more
... Removed 27 stack frames]]>
    </failure>
  </testcase> <!-- selectLanguage -->
  <testcase classname="com.Hackathon.test" name="selectLevel" time="10.036">
    <failure type="org.openqa.selenium.NoSuchElementException" message="no such element: Unable to locate element: {&amp;quot;method&amp;quot;:&amp;quot;css selector&amp;quot;,&amp;quot;selector&amp;quot;:&amp;quot;#react\-select\-3\-\-value&amp;quot;}
  (Session info: chrome=91.0.4472.124)
For documentation on this error, please visit: https://www.seleniumhq.org/exceptions/no_such_element.html
Build info: version: &amp;apos;3.141.59&amp;apos;, revision: &amp;apos;e82be7d358&amp;apos;, time: &amp;apos;2018-11-14T08:17:03&amp;apos;
System info: host: &amp;apos;LAPTOP-780R4IRU&amp;apos;, ip: &amp;apos;192.168.43.216&amp;apos;, os.name: &amp;apos;Windows 10&amp;apos;, os.arch: &amp;apos;amd64&amp;apos;, os.version: &amp;apos;10.0&amp;apos;, java.version: &amp;apos;15.0.2&amp;apos;
Driver info: org.openqa.selenium.chrome.ChromeDriver
Capabilities {acceptInsecureCerts: false, browserName: chrome, browserVersion: 91.0.4472.124, chrome: {chromedriverVersion: 90.0.4430.24 (4c6d850f087da..., userDataDir: C:\Users\MARIVEL\AppData\Lo...}, goog:chromeOptions: {debuggerAddress: localhost:10614}, javascriptEnabled: true, networkConnectionEnabled: false, pageLoadStrategy: normal, platform: WINDOWS, platformName: WINDOWS, proxy: Proxy(), setWindowRect: true, strictFileInteractability: false, timeouts: {implicit: 0, pageLoad: 300000, script: 30000}, unhandledPromptBehavior: dismiss and notify, webauthn:extension:largeBlob: true, webauthn:virtualAuthenticators: true}
Session ID: 96e1e0b0d7ac252edaefa78a0e504677
*** Element info: {Using=id, value=react-select-3--value}">
      <![CDATA[org.openqa.selenium.NoSuchElementException: no such element: Unable to locate element: {"method":"css selector","selector":"#react\-select\-3\-\-value"}
  (Session info: chrome=91.0.4472.124)
For documentation on this error, please visit: https://www.seleniumhq.org/exceptions/no_such_element.html
Build info: version: '3.141.59', revision: 'e82be7d358', time: '2018-11-14T08:17:03'
System info: host: 'LAPTOP-780R4IRU', ip: '192.168.43.216', os.name: 'Windows 10', os.arch: 'amd64', os.version: '10.0', java.version: '15.0.2'
Driver info: org.openqa.selenium.chrome.ChromeDriver
Capabilities {acceptInsecureCerts: false, browserName: chrome, browserVersion: 91.0.4472.124, chrome: {chromedriverVersion: 90.0.4430.24 (4c6d850f087da..., userDataDir: C:\Users\MARIVEL\AppData\Lo...}, goog:chromeOptions: {debuggerAddress: localhost:10614}, javascriptEnabled: true, networkConnectionEnabled: false, pageLoadStrategy: normal, platform: WINDOWS, platformName: WINDOWS, proxy: Proxy(), setWindowRect: true, strictFileInteractability: false, timeouts: {implicit: 0, pageLoad: 300000, script: 30000}, unhandledPromptBehavior: dismiss and notify, webauthn:extension:largeBlob: true, webauthn:virtualAuthenticators: true}
Session ID: 96e1e0b0d7ac252edaefa78a0e504677
*** Element info: {Using=id, value=react-select-3--value}
at org.openqa.selenium.remote.http.W3CHttpResponseCodec.createException(W3CHttpResponseCodec.java:187)
at org.openqa.selenium.remote.http.W3CHttpResponseCodec.decode(W3CHttpResponseCodec.java:122)
at org.openqa.selenium.remote.http.W3CHttpResponseCodec.decode(W3CHttpResponseCodec.java:49)
at org.openqa.selenium.remote.HttpCommandExecutor.execute(HttpCommandExecutor.java:158)
at org.openqa.selenium.remote.service.DriverCommandExecutor.execute(DriverCommandExecutor.java:83)
at org.openqa.selenium.remote.RemoteWebDriver.execute(RemoteWebDriver.java:552)
at org.openqa.selenium.remote.RemoteWebDriver.findElement(RemoteWebDriver.java:323)
at org.openqa.selenium.remote.RemoteWebDriver.findElementById(RemoteWebDriver.java:372)
at org.openqa.selenium.By$ById.findElement(By.java:188)
at org.openqa.selenium.remote.RemoteWebDriver.findElement(RemoteWebDriver.java:315)
at com.appmodule.Pom.getLevel(Pom.java:85)
at com.Hackathon.test.selectLevel(test.java:110)
at java.base/java.util.ArrayList.forEach(ArrayList.java:1511)
... Removed 32 stack frames]]>
    </failure>
  </testcase> <!-- selectLevel -->
  <testcase classname="com.Hackathon.test" name="screenShot" time="0.319"/>
  <testcase classname="com.Hackathon.test" name="homepage" time="2.039"/>
  <testcase classname="com.Hackathon.test" name="searchcourse2" time="5.895"/>
  <testcase classname="com.Hackathon.test" name="selectLanguage2" time="0.003">
    <failure type="java.lang.RuntimeException" message="java.lang.InstantiationException: com.appmodule.Pom">
      <![CDATA[java.lang.RuntimeException: java.lang.InstantiationException: com.appmodule.Pom
at org.openqa.selenium.support.PageFactory.instantiatePage(PageFactory.java:134)
at org.openqa.selenium.support.PageFactory.initElements(PageFactory.java:64)
at com.Hackathon.test.selectLanguage2(test.java:275)
at java.base/java.util.ArrayList.forEach(ArrayList.java:1511)
Caused by: java.lang.InstantiationException: com.appmodule.Pom
at java.base/java.lang.Class.newInstance(Class.java:639)
at org.openqa.selenium.support.PageFactory.instantiatePage(PageFactory.java:131)
... 30 more
Caused by: java.lang.NoSuchMethodException: com.appmodule.Pom.<init>()
at java.base/java.lang.Class.getConstructor0(Class.java:3508)
at java.base/java.lang.Class.newInstance(Class.java:626)
... 31 more
... Removed 27 stack frames]]>
    </failure>
  </testcase> <!-- selectLanguage2 -->
  <testcase classname="com.Hackathon.test" name="selectLevel2" time="2.776"/>
  <testcase classname="com.Hackathon.test" name="homepage2" time="1.875"/>
  <testcase classname="com.Hackathon.test" name="ForEnterprise" time="7.872"/>
  <testcase classname="com.Hackathon.test" name="FillForm" time="5.011">
    <failure type="java.io.FileNotFoundException" message="C:\Users\MARIVEL\eclipse-workspace\HackathonIdentifycourses\Resources\book.xlsx (The system cannot find the file specified)">
      <![CDATA[java.io.FileNotFoundException: C:\Users\MARIVEL\eclipse-workspace\HackathonIdentifycourses\Resources\book.xlsx (The system cannot find the file specified)
at java.base/java.io.FileInputStream.open0(Native Method)
at java.base/java.io.FileInputStream.open(FileInputStream.java:211)
at java.base/java.io.FileInputStream.<init>(FileInputStream.java:153)
at com.Hackathon.test.FillForm(test.java:374)
at java.base/java.util.ArrayList.forEach(ArrayList.java:1511)
... Removed 27 stack frames]]>
    </failure>
  </testcase> <!-- FillForm -->
</testsuite> <!-- Test4 -->
